<?xml version="1.0" encoding="UTF-8"?>
<testng-results skipped="0" failed="0" ignored="0" total="1" passed="1">
  <reporter-output>
  </reporter-output>
  <suite name="Default suite" duration-ms="110724" started-at="2022-01-19T11:59:19Z" finished-at="2022-01-19T12:01:09Z">
    <groups>
    </groups>
    <test name="Default test" duration-ms="110724" started-at="2022-01-19T11:59:19Z" finished-at="2022-01-19T12:01:09Z">
      <class name="com.Leesoft.Timecard.Create.CreateCustomer">
        <test-method status="PASS" signature="openbrowser()[pri:0, instance:com.Leesoft.Timecard.Create.CreateCustomer@67205a84]" name="openbrowser" is-config="true" duration-ms="110709" started-at="2022-01-19T11:59:19Z" finished-at="2022-01-19T12:01:09Z">
          <reporter-output>
          </reporter-output>
        </test-method> <!-- openbrowser -->
        <test-method status="PASS" signature="createcustomer()[pri:0, instance:com.Leesoft.Timecard.Create.CreateCustomer@67205a84]" name="createcustomer" duration-ms="1" started-at="2022-01-19T12:01:09Z" finished-at="2022-01-19T12:01:09Z">
          <reporter-output>
          </reporter-output>
        </test-method> <!-- createcustomer -->
      </class> <!-- com.Leesoft.Timecard.Create.CreateCustomer -->
    </test> <!-- Default test -->
  </suite> <!-- Default suite -->
</testng-results>
